2022-11-19 12:47:32,980 [Worker-5] INFO  c.g.t.t.d.PublishedGradleVersions - Gradle version information cache is out-of-date. Trying to update.
2022-11-19 12:50:15,725 [Worker-24] INFO  o.e.m.c.i.p.ProjectConfigurationManager - Update started
2022-11-19 12:50:18,480 [Worker-24] INFO  o.e.m.c.i.l.LifecycleMappingFactory - Using org.eclipse.m2e.jdt.JarLifecycleMapping lifecycle mapping for MavenProject: com.example:ArchiveService:0.0.1-SNAPSHOT @ D:\todolist_capstone-716133_Chirag-master-patch-30477\ArchiveService\pom.xml.
2022-11-19 12:50:21,181 [Worker-24] INFO  o.e.m.j.i.AbstractJavaProjectConfigurator - Adding source folder /ArchiveService/src/main/java
2022-11-19 12:50:21,181 [Worker-24] INFO  o.e.m.j.i.AbstractJavaProjectConfigurator - Adding resource folder /ArchiveService/src/main/resources
2022-11-19 12:50:21,199 [Worker-24] INFO  o.e.m.j.i.AbstractJavaProjectConfigurator - Adding resource folder /ArchiveService/src/main/resources
2022-11-19 12:50:21,220 [Worker-24] INFO  o.e.m.j.i.AbstractJavaProjectConfigurator - Adding source folder /ArchiveService/src/test/java
2022-11-19 12:50:22,758 [Worker-24] INFO  o.e.m.c.i.p.ProjectConfigurationManager - Update completed: 7 sec
2022-11-19 12:50:22,761 [Worker-24] INFO  o.e.m.c.i.p.ProjectConfigurationManager - Update started
2022-11-19 12:50:27,216 [Worker-24] INFO  o.e.m.c.i.l.LifecycleMappingFactory - Using org.eclipse.m2e.jdt.JarLifecycleMapping lifecycle mapping for MavenProject: com.example:EurekaService:0.0.1-SNAPSHOT @ D:\todolist_capstone-716133_Chirag-master-patch-30477\EurekaService\pom.xml.
2022-11-19 12:50:28,875 [Worker-24] INFO  o.e.m.c.i.l.LifecycleMappingFactory - Using org.eclipse.m2e.jdt.JarLifecycleMapping lifecycle mapping for MavenProject: com.example:ArchiveService:0.0.1-SNAPSHOT @ D:\todolist_capstone-716133_Chirag-master-patch-30477\ArchiveService\pom.xml.
2022-11-19 12:50:29,964 [Worker-24] INFO  o.e.m.c.i.l.LifecycleMappingFactory - Using org.eclipse.m2e.jdt.JarLifecycleMapping lifecycle mapping for MavenProject: com.example:Register:0.0.1-SNAPSHOT @ D:\todolist_capstone-716133_Chirag-master-patch-30477\Register\pom.xml.
2022-11-19 12:50:30,927 [Worker-24] INFO  o.e.m.c.i.l.LifecycleMappingFactory - Using org.eclipse.m2e.jdt.JarLifecycleMapping lifecycle mapping for MavenProject: com.example:TaskService:0.0.1-SNAPSHOT @ D:\todolist_capstone-716133_Chirag-master-patch-30477\TaskService\pom.xml.
2022-11-19 12:50:31,757 [Worker-24] INFO  o.e.m.c.i.l.LifecycleMappingFactory - Using org.eclipse.m2e.jdt.JarLifecycleMapping lifecycle mapping for MavenProject: com.example:OrganizationService:0.0.1-SNAPSHOT @ D:\todolist_capstone-716133_Chirag-master-patch-30477\OrganizationService\pom.xml.
2022-11-19 12:50:32,600 [Worker-24] INFO  o.e.m.c.i.l.LifecycleMappingFactory - Using org.eclipse.m2e.jdt.JarLifecycleMapping lifecycle mapping for MavenProject: org.example:UserAuthenticationService:0.0.1-SNAPSHOT @ D:\todolist_capstone-716133_Chirag-master-patch-30477\UserAuthenticationService\pom.xml.
2022-11-19 12:50:33,871 [Worker-24] INFO  o.e.m.c.i.l.LifecycleMappingFactory - Using org.eclipse.m2e.jdt.JarLifecycleMapping lifecycle mapping for MavenProject: org.example:Gateway:0.0.1-SNAPSHOT @ D:\todolist_capstone-716133_Chirag-master-patch-30477\Gateway\pom.xml.
2022-11-19 12:50:39,857 [Worker-24] INFO  o.e.m.j.i.AbstractJavaProjectConfigurator - Adding source folder /EurekaService/src/main/java
2022-11-19 12:50:39,857 [Worker-24] INFO  o.e.m.j.i.AbstractJavaProjectConfigurator - Adding resource folder /EurekaService/src/main/resources
2022-11-19 12:50:39,881 [Worker-24] INFO  o.e.m.j.i.AbstractJavaProjectConfigurator - Adding resource folder /EurekaService/src/main/resources
2022-11-19 12:50:39,914 [Worker-24] INFO  o.e.m.j.i.AbstractJavaProjectConfigurator - Adding source folder /EurekaService/src/test/java
2022-11-19 12:50:44,632 [Worker-19] INFO  o.e.m.c.i.embedder.EclipseLogger - Using 'UTF-8' encoding to copy filtered resources.
2022-11-19 12:50:44,647 [Worker-19] INFO  o.e.m.c.i.embedder.EclipseLogger - Copying 1 resource
2022-11-19 12:50:44,682 [Worker-19] INFO  o.e.m.c.i.embedder.EclipseLogger - Copying 0 resource
2022-11-19 12:50:44,690 [Worker-19] INFO  o.e.m.c.i.embedder.EclipseLogger - Using 'UTF-8' encoding to copy filtered resources.
2022-11-19 12:50:44,690 [Worker-19] INFO  o.e.m.c.i.embedder.EclipseLogger - skip non existing resourceDirectory D:\todolist_capstone-716133_Chirag-master-patch-30477\ArchiveService\src\test\resources
2022-11-19 12:50:45,333 [Worker-24] INFO  o.e.m.j.i.AbstractJavaProjectConfigurator - Adding source folder /ArchiveService/src/main/java
2022-11-19 12:50:45,333 [Worker-24] INFO  o.e.m.j.i.AbstractJavaProjectConfigurator - Adding resource folder /ArchiveService/src/main/resources
2022-11-19 12:50:45,341 [Worker-24] INFO  o.e.m.j.i.AbstractJavaProjectConfigurator - Adding resource folder /ArchiveService/src/main/resources
2022-11-19 12:50:45,348 [Worker-24] INFO  o.e.m.j.i.AbstractJavaProjectConfigurator - Adding source folder /ArchiveService/src/test/java
2022-11-19 12:50:46,404 [Worker-24] INFO  o.e.m.j.i.AbstractJavaProjectConfigurator - Adding source folder /Register/src/main/java
2022-11-19 12:50:46,404 [Worker-24] INFO  o.e.m.j.i.AbstractJavaProjectConfigurator - Adding resource folder /Register/src/main/resources
2022-11-19 12:50:46,434 [Worker-24] INFO  o.e.m.j.i.AbstractJavaProjectConfigurator - Adding resource folder /Register/src/main/resources
2022-11-19 12:50:46,465 [Worker-24] INFO  o.e.m.j.i.AbstractJavaProjectConfigurator - Adding source folder /Register/src/test/java
2022-11-19 12:50:47,347 [Worker-19] INFO  o.e.m.c.i.embedder.EclipseLogger - Using 'UTF-8' encoding to copy filtered resources.
2022-11-19 12:50:47,355 [Worker-19] INFO  o.e.m.c.i.embedder.EclipseLogger - Copying 1 resource
2022-11-19 12:50:47,377 [Worker-19] INFO  o.e.m.c.i.embedder.EclipseLogger - Copying 0 resource
2022-11-19 12:50:47,383 [Worker-19] INFO  o.e.m.c.i.embedder.EclipseLogger - Using 'UTF-8' encoding to copy filtered resources.
2022-11-19 12:50:47,383 [Worker-19] INFO  o.e.m.c.i.embedder.EclipseLogger - skip non existing resourceDirectory D:\todolist_capstone-716133_Chirag-master-patch-30477\ArchiveService\src\test\resources
2022-11-19 12:50:48,082 [Worker-24] INFO  o.e.m.j.i.AbstractJavaProjectConfigurator - Adding source folder /TaskService/src/main/java
2022-11-19 12:50:48,082 [Worker-24] INFO  o.e.m.j.i.AbstractJavaProjectConfigurator - Adding resource folder /TaskService/src/main/resources
2022-11-19 12:50:48,115 [Worker-24] INFO  o.e.m.j.i.AbstractJavaProjectConfigurator - Adding resource folder /TaskService/src/main/resources
2022-11-19 12:50:48,140 [Worker-24] INFO  o.e.m.j.i.AbstractJavaProjectConfigurator - Adding source folder /TaskService/src/test/java
2022-11-19 12:50:51,786 [Worker-24] INFO  o.e.m.j.i.AbstractJavaProjectConfigurator - Adding source folder /OrganizationService/src/main/java
2022-11-19 12:50:51,786 [Worker-24] INFO  o.e.m.j.i.AbstractJavaProjectConfigurator - Adding resource folder /OrganizationService/src/main/resources
2022-11-19 12:50:51,813 [Worker-24] INFO  o.e.m.j.i.AbstractJavaProjectConfigurator - Adding resource folder /OrganizationService/src/main/resources
2022-11-19 12:50:51,844 [Worker-24] INFO  o.e.m.j.i.AbstractJavaProjectConfigurator - Adding source folder /OrganizationService/src/test/java
2022-11-19 12:50:55,791 [Worker-22] INFO  o.e.m.c.i.embedder.EclipseLogger - Using 'UTF-8' encoding to copy filtered resources.
2022-11-19 12:50:55,791 [Worker-22] INFO  o.e.m.c.i.embedder.EclipseLogger - Copying 1 resource
2022-11-19 12:50:55,799 [Worker-22] INFO  o.e.m.c.i.embedder.EclipseLogger - Copying 0 resource
2022-11-19 12:50:55,799 [Worker-22] INFO  o.e.m.c.i.embedder.EclipseLogger - Using 'UTF-8' encoding to copy filtered resources.
2022-11-19 12:50:55,799 [Worker-22] INFO  o.e.m.c.i.embedder.EclipseLogger - skip non existing resourceDirectory D:\todolist_capstone-716133_Chirag-master-patch-30477\EurekaService\src\test\resources
2022-11-19 12:50:58,385 [Worker-17] INFO  o.e.m.c.i.embedder.EclipseLogger - Using 'UTF-8' encoding to copy filtered resources.
2022-11-19 12:50:58,385 [Worker-17] INFO  o.e.m.c.i.embedder.EclipseLogger - Copying 1 resource
2022-11-19 12:50:58,388 [Worker-17] INFO  o.e.m.c.i.embedder.EclipseLogger - Copying 0 resource
2022-11-19 12:50:58,396 [Worker-17] INFO  o.e.m.c.i.embedder.EclipseLogger - Using 'UTF-8' encoding to copy filtered resources.
2022-11-19 12:50:58,396 [Worker-17] INFO  o.e.m.c.i.embedder.EclipseLogger - skip non existing resourceDirectory D:\todolist_capstone-716133_Chirag-master-patch-30477\Gateway\src\test\resources
2022-11-19 12:50:58,769 [Worker-24] INFO  o.e.m.j.i.AbstractJavaProjectConfigurator - Adding source folder /UserAuthenticationService/src/main/java
2022-11-19 12:50:58,769 [Worker-24] INFO  o.e.m.j.i.AbstractJavaProjectConfigurator - Adding resource folder /UserAuthenticationService/src/main/resources
2022-11-19 12:50:58,792 [Worker-24] INFO  o.e.m.j.i.AbstractJavaProjectConfigurator - Adding resource folder /UserAuthenticationService/src/main/resources
2022-11-19 12:50:59,139 [Worker-24] INFO  o.e.m.j.i.AbstractJavaProjectConfigurator - Adding source folder /UserAuthenticationService/src/test/java
2022-11-19 12:51:05,323 [Worker-22] INFO  o.e.m.c.i.embedder.EclipseLogger - Using 'UTF-8' encoding to copy filtered resources.
2022-11-19 12:51:05,323 [Worker-22] INFO  o.e.m.c.i.embedder.EclipseLogger - Copying 1 resource
2022-11-19 12:51:05,339 [Worker-22] INFO  o.e.m.c.i.embedder.EclipseLogger - Copying 0 resource
2022-11-19 12:51:05,339 [Worker-22] INFO  o.e.m.c.i.embedder.EclipseLogger - Using 'UTF-8' encoding to copy filtered resources.
2022-11-19 12:51:05,339 [Worker-22] INFO  o.e.m.c.i.embedder.EclipseLogger - skip non existing resourceDirectory D:\todolist_capstone-716133_Chirag-master-patch-30477\OrganizationService\src\test\resources
2022-11-19 12:51:07,302 [Worker-24] INFO  o.e.m.j.i.AbstractJavaProjectConfigurator - Adding source folder /Gateway/src/main/java
2022-11-19 12:51:07,302 [Worker-24] INFO  o.e.m.j.i.AbstractJavaProjectConfigurator - Adding resource folder /Gateway/src/main/resources
2022-11-19 12:51:07,331 [Worker-24] INFO  o.e.m.j.i.AbstractJavaProjectConfigurator - Adding resource folder /Gateway/src/main/resources
2022-11-19 12:51:07,362 [Worker-24] INFO  o.e.m.j.i.AbstractJavaProjectConfigurator - Adding source folder /Gateway/src/test/java
2022-11-19 12:51:08,810 [Worker-24] INFO  o.e.m.c.i.p.ProjectConfigurationManager - Update completed: 46 sec
2022-11-19 12:51:09,354 [Worker-20] INFO  o.e.m.c.i.embedder.EclipseLogger - Using 'UTF-8' encoding to copy filtered resources.
2022-11-19 12:51:09,354 [Worker-20] INFO  o.e.m.c.i.embedder.EclipseLogger - Copying 1 resource
2022-11-19 12:51:09,354 [Worker-20] INFO  o.e.m.c.i.embedder.EclipseLogger - Copying 0 resource
2022-11-19 12:51:09,362 [Worker-20] INFO  o.e.m.c.i.embedder.EclipseLogger - Using 'UTF-8' encoding to copy filtered resources.
2022-11-19 12:51:09,362 [Worker-20] INFO  o.e.m.c.i.embedder.EclipseLogger - skip non existing resourceDirectory D:\todolist_capstone-716133_Chirag-master-patch-30477\Gateway\src\test\resources
2022-11-19 12:51:14,606 [Worker-20] INFO  o.e.m.c.i.embedder.EclipseLogger - Using 'UTF-8' encoding to copy filtered resources.
2022-11-19 12:51:14,606 [Worker-20] INFO  o.e.m.c.i.embedder.EclipseLogger - Copying 1 resource
2022-11-19 12:51:14,614 [Worker-20] INFO  o.e.m.c.i.embedder.EclipseLogger - Copying 0 resource
2022-11-19 12:51:14,622 [Worker-20] INFO  o.e.m.c.i.embedder.EclipseLogger - Using 'UTF-8' encoding to copy filtered resources.
2022-11-19 12:51:14,622 [Worker-20] INFO  o.e.m.c.i.embedder.EclipseLogger - skip non existing resourceDirectory D:\todolist_capstone-716133_Chirag-master-patch-30477\Register\src\test\resources
2022-11-19 12:51:19,658 [Worker-20] INFO  o.e.m.c.i.embedder.EclipseLogger - Using 'UTF-8' encoding to copy filtered resources.
2022-11-19 12:51:19,659 [Worker-20] INFO  o.e.m.c.i.embedder.EclipseLogger - Copying 1 resource
2022-11-19 12:51:19,668 [Worker-20] INFO  o.e.m.c.i.embedder.EclipseLogger - Copying 0 resource
2022-11-19 12:51:19,676 [Worker-20] INFO  o.e.m.c.i.embedder.EclipseLogger - Using 'UTF-8' encoding to copy filtered resources.
2022-11-19 12:51:19,676 [Worker-20] INFO  o.e.m.c.i.embedder.EclipseLogger - skip non existing resourceDirectory D:\todolist_capstone-716133_Chirag-master-patch-30477\TaskService\src\test\resources
2022-11-19 12:51:23,173 [Worker-20] INFO  o.e.m.c.i.embedder.EclipseLogger - Using 'UTF-8' encoding to copy filtered resources.
2022-11-19 12:51:23,173 [Worker-20] INFO  o.e.m.c.i.embedder.EclipseLogger - Copying 1 resource
2022-11-19 12:51:23,177 [Worker-20] INFO  o.e.m.c.i.embedder.EclipseLogger - Copying 0 resource
2022-11-19 12:51:23,186 [Worker-20] INFO  o.e.m.c.i.embedder.EclipseLogger - Using 'UTF-8' encoding to copy filtered resources.
2022-11-19 12:51:23,186 [Worker-20] INFO  o.e.m.c.i.embedder.EclipseLogger - skip non existing resourceDirectory D:\todolist_capstone-716133_Chirag-master-patch-30477\UserAuthenticationService\src\test\resources
2022-11-19 12:52:19,246 [Worker-21] INFO  o.e.m.c.i.embedder.EclipseLogger - Using 'UTF-8' encoding to copy filtered resources.
2022-11-19 12:52:19,246 [Worker-21] INFO  o.e.m.c.i.embedder.EclipseLogger - Copying 0 resource
2022-11-19 12:52:19,246 [Worker-21] INFO  o.e.m.c.i.embedder.EclipseLogger - Copying 0 resource
2022-11-19 12:52:19,247 [Worker-21] INFO  o.e.m.c.i.embedder.EclipseLogger - Using 'UTF-8' encoding to copy filtered resources.
2022-11-19 12:52:19,247 [Worker-21] INFO  o.e.m.c.i.embedder.EclipseLogger - skip non existing resourceDirectory D:\todolist_capstone-716133_Chirag-master-patch-30477\ArchiveService\src\test\resources
2022-11-19 12:52:20,430 [Worker-21] INFO  o.e.m.c.i.embedder.EclipseLogger - Using 'UTF-8' encoding to copy filtered resources.
2022-11-19 12:52:20,430 [Worker-21] INFO  o.e.m.c.i.embedder.EclipseLogger - Copying 0 resource
2022-11-19 12:52:20,430 [Worker-21] INFO  o.e.m.c.i.embedder.EclipseLogger - Copying 0 resource
2022-11-19 12:52:20,432 [Worker-21] INFO  o.e.m.c.i.embedder.EclipseLogger - Using 'UTF-8' encoding to copy filtered resources.
2022-11-19 12:52:20,432 [Worker-21] INFO  o.e.m.c.i.embedder.EclipseLogger - skip non existing resourceDirectory D:\todolist_capstone-716133_Chirag-master-patch-30477\EurekaService\src\test\resources
2022-11-19 12:52:21,552 [Worker-21] INFO  o.e.m.c.i.embedder.EclipseLogger - Using 'UTF-8' encoding to copy filtered resources.
2022-11-19 12:52:21,553 [Worker-21] INFO  o.e.m.c.i.embedder.EclipseLogger - Copying 0 resource
2022-11-19 12:52:21,553 [Worker-21] INFO  o.e.m.c.i.embedder.EclipseLogger - Copying 0 resource
2022-11-19 12:52:21,554 [Worker-21] INFO  o.e.m.c.i.embedder.EclipseLogger - Using 'UTF-8' encoding to copy filtered resources.
2022-11-19 12:52:21,554 [Worker-21] INFO  o.e.m.c.i.embedder.EclipseLogger - skip non existing resourceDirectory D:\todolist_capstone-716133_Chirag-master-patch-30477\Gateway\src\test\resources
2022-11-19 12:52:22,779 [Worker-21] INFO  o.e.m.c.i.embedder.EclipseLogger - Using 'UTF-8' encoding to copy filtered resources.
2022-11-19 12:52:22,779 [Worker-21] INFO  o.e.m.c.i.embedder.EclipseLogger - Copying 0 resource
2022-11-19 12:52:22,779 [Worker-21] INFO  o.e.m.c.i.embedder.EclipseLogger - Copying 0 resource
2022-11-19 12:52:22,780 [Worker-21] INFO  o.e.m.c.i.embedder.EclipseLogger - Using 'UTF-8' encoding to copy filtered resources.
2022-11-19 12:52:22,780 [Worker-21] INFO  o.e.m.c.i.embedder.EclipseLogger - skip non existing resourceDirectory D:\todolist_capstone-716133_Chirag-master-patch-30477\OrganizationService\src\test\resources
2022-11-19 12:52:23,894 [Worker-21] INFO  o.e.m.c.i.embedder.EclipseLogger - Using 'UTF-8' encoding to copy filtered resources.
2022-11-19 12:52:23,895 [Worker-21] INFO  o.e.m.c.i.embedder.EclipseLogger - Copying 0 resource
2022-11-19 12:52:23,895 [Worker-21] INFO  o.e.m.c.i.embedder.EclipseLogger - Copying 0 resource
2022-11-19 12:52:23,896 [Worker-21] INFO  o.e.m.c.i.embedder.EclipseLogger - Using 'UTF-8' encoding to copy filtered resources.
2022-11-19 12:52:23,896 [Worker-21] INFO  o.e.m.c.i.embedder.EclipseLogger - skip non existing resourceDirectory D:\todolist_capstone-716133_Chirag-master-patch-30477\Register\src\test\resources
2022-11-19 12:52:25,344 [Worker-21] INFO  o.e.m.c.i.embedder.EclipseLogger - Using 'UTF-8' encoding to copy filtered resources.
2022-11-19 12:52:25,344 [Worker-21] INFO  o.e.m.c.i.embedder.EclipseLogger - Copying 0 resource
2022-11-19 12:52:25,344 [Worker-21] INFO  o.e.m.c.i.embedder.EclipseLogger - Copying 0 resource
2022-11-19 12:52:25,346 [Worker-21] INFO  o.e.m.c.i.embedder.EclipseLogger - Using 'UTF-8' encoding to copy filtered resources.
2022-11-19 12:52:25,346 [Worker-21] INFO  o.e.m.c.i.embedder.EclipseLogger - skip non existing resourceDirectory D:\todolist_capstone-716133_Chirag-master-patch-30477\TaskService\src\test\resources
2022-11-19 12:52:26,751 [Worker-21] INFO  o.e.m.c.i.embedder.EclipseLogger - Using 'UTF-8' encoding to copy filtered resources.
2022-11-19 12:52:26,752 [Worker-21] INFO  o.e.m.c.i.embedder.EclipseLogger - Copying 0 resource
2022-11-19 12:52:26,752 [Worker-21] INFO  o.e.m.c.i.embedder.EclipseLogger - Copying 0 resource
2022-11-19 12:52:26,753 [Worker-21] INFO  o.e.m.c.i.embedder.EclipseLogger - Using 'UTF-8' encoding to copy filtered resources.
2022-11-19 12:52:26,754 [Worker-21] INFO  o.e.m.c.i.embedder.EclipseLogger - skip non existing resourceDirectory D:\todolist_capstone-716133_Chirag-master-patch-30477\UserAuthenticationService\src\test\resources
2022-11-19 13:00:48,272 [Worker-7] INFO  o.e.m.i.launch.MavenLaunchDelegate - D:\todolist_capstone-716133_Chirag-master-patch-30477\Gateway
2022-11-19 13:00:48,272 [Worker-7] INFO  o.e.m.i.launch.MavenLaunchDelegate -  mvn -B 
2022-11-19 13:02:04,826 [Worker-25] INFO  o.e.m.i.launch.MavenLaunchDelegate - D:\todolist_capstone-716133_Chirag-master-patch-30477\Gateway
2022-11-19 13:02:04,826 [Worker-25] INFO  o.e.m.i.launch.MavenLaunchDelegate -  mvn -B 
2022-11-19 13:19:52,749 [Worker-27] INFO  o.e.m.c.i.embedder.EclipseLogger - Using 'UTF-8' encoding to copy filtered resources.
2022-11-19 13:19:52,749 [Worker-27] INFO  o.e.m.c.i.embedder.EclipseLogger - Copying 1 resource
2022-11-19 13:19:52,754 [Worker-27] INFO  o.e.m.c.i.embedder.EclipseLogger - Copying 0 resource
2022-11-19 13:19:52,756 [Worker-27] INFO  o.e.m.c.i.embedder.EclipseLogger - Using 'UTF-8' encoding to copy filtered resources.
2022-11-19 13:19:52,756 [Worker-27] INFO  o.e.m.c.i.embedder.EclipseLogger - skip non existing resourceDirectory D:\todolist_capstone-716133_Chirag-master-patch-30477\UserAuthenticationService\src\test\resources
2022-11-19 14:05:35,703 [Worker-7] INFO  o.e.m.c.i.embedder.EclipseLogger - Using 'UTF-8' encoding to copy filtered resources.
2022-11-19 14:05:35,704 [Worker-7] INFO  o.e.m.c.i.embedder.EclipseLogger - Copying 1 resource
2022-11-19 14:05:35,716 [Worker-7] INFO  o.e.m.c.i.embedder.EclipseLogger - Copying 0 resource
2022-11-19 14:05:35,717 [Worker-7] INFO  o.e.m.c.i.embedder.EclipseLogger - Using 'UTF-8' encoding to copy filtered resources.
2022-11-19 14:05:35,717 [Worker-7] INFO  o.e.m.c.i.embedder.EclipseLogger - skip non existing resourceDirectory D:\todolist_capstone-716133_Chirag-master-patch-30477\Register\src\test\resources
2022-11-19 14:12:19,423 [Worker-46] INFO  o.e.m.c.i.embedder.EclipseLogger - Using 'UTF-8' encoding to copy filtered resources.
2022-11-19 14:12:19,424 [Worker-46] INFO  o.e.m.c.i.embedder.EclipseLogger - Copying 1 resource
2022-11-19 14:12:19,428 [Worker-46] INFO  o.e.m.c.i.embedder.EclipseLogger - Copying 0 resource
2022-11-19 14:12:19,429 [Worker-46] INFO  o.e.m.c.i.embedder.EclipseLogger - Using 'UTF-8' encoding to copy filtered resources.
2022-11-19 14:12:19,429 [Worker-46] INFO  o.e.m.c.i.embedder.EclipseLogger - skip non existing resourceDirectory D:\todolist_capstone-716133_Chirag-master-patch-30477\Register\src\test\resources
2022-11-19 14:12:54,201 [Worker-48] INFO  o.e.m.c.i.embedder.EclipseLogger - Using 'UTF-8' encoding to copy filtered resources.
2022-11-19 14:12:54,202 [Worker-48] INFO  o.e.m.c.i.embedder.EclipseLogger - Copying 1 resource
2022-11-19 14:12:54,209 [Worker-48] INFO  o.e.m.c.i.embedder.EclipseLogger - Copying 0 resource
2022-11-19 14:12:54,211 [Worker-48] INFO  o.e.m.c.i.embedder.EclipseLogger - Using 'UTF-8' encoding to copy filtered resources.
2022-11-19 14:12:54,211 [Worker-48] INFO  o.e.m.c.i.embedder.EclipseLogger - skip non existing resourceDirectory D:\todolist_capstone-716133_Chirag-master-patch-30477\Register\src\test\resources
2022-11-19 14:22:53,584 [Worker-44] INFO  o.e.m.i.launch.MavenLaunchDelegate - D:\todolist_capstone-716133_Chirag-master-patch-30477\Register
2022-11-19 14:22:53,584 [Worker-44] INFO  o.e.m.i.launch.MavenLaunchDelegate -  mvn -B 
2022-11-19 14:35:02,377 [main] INFO  o.e.m2e.actions.ExecutePomAction - Creating new launch configuration
2022-11-19 14:35:11,400 [Worker-23] INFO  o.e.m.i.launch.MavenLaunchDelegate - D:\todolist_capstone-716133_Chirag-master-patch-30477\EurekaService
2022-11-19 14:35:11,401 [Worker-23] INFO  o.e.m.i.launch.MavenLaunchDelegate -  mvn -B 
2022-11-19 14:35:25,552 [Worker-13] INFO  o.e.m.i.launch.MavenLaunchDelegate - D:\todolist_capstone-716133_Chirag-master-patch-30477\EurekaService
2022-11-19 14:35:25,552 [Worker-13] INFO  o.e.m.i.launch.MavenLaunchDelegate -  mvn -B install
2022-11-19 14:38:15,663 [Worker-24] INFO  o.e.m.c.i.embedder.EclipseLogger - Using 'UTF-8' encoding to copy filtered resources.
2022-11-19 14:38:15,664 [Worker-24] INFO  o.e.m.c.i.embedder.EclipseLogger - Copying 1 resource
2022-11-19 14:38:15,667 [Worker-24] INFO  o.e.m.c.i.embedder.EclipseLogger - Copying 0 resource
2022-11-19 14:38:15,669 [Worker-24] INFO  o.e.m.c.i.embedder.EclipseLogger - Using 'UTF-8' encoding to copy filtered resources.
2022-11-19 14:38:15,669 [Worker-24] INFO  o.e.m.c.i.embedder.EclipseLogger - skip non existing resourceDirectory D:\todolist_capstone-716133_Chirag-master-patch-30477\EurekaService\src\test\resources
2022-11-19 14:38:49,667 [main] INFO  o.e.m2e.actions.ExecutePomAction - Using existing launch configuration
2022-11-19 14:38:54,457 [Worker-44] INFO  o.e.m.i.launch.MavenLaunchDelegate - D:\todolist_capstone-716133_Chirag-master-patch-30477\EurekaService
2022-11-19 14:38:54,457 [Worker-44] INFO  o.e.m.i.launch.MavenLaunchDelegate -  mvn -B 
2022-11-19 14:39:07,399 [Worker-45] INFO  o.e.m.i.launch.MavenLaunchDelegate - D:\todolist_capstone-716133_Chirag-master-patch-30477\EurekaService
2022-11-19 14:39:07,399 [Worker-45] INFO  o.e.m.i.launch.MavenLaunchDelegate -  mvn -B install
2022-11-19 14:39:25,025 [Worker-51] INFO  o.e.m.c.i.embedder.EclipseLogger - Using 'UTF-8' encoding to copy filtered resources.
2022-11-19 14:39:25,026 [Worker-51] INFO  o.e.m.c.i.embedder.EclipseLogger - Copying 1 resource
2022-11-19 14:39:25,030 [Worker-51] INFO  o.e.m.c.i.embedder.EclipseLogger - Copying 0 resource
2022-11-19 14:39:25,031 [Worker-51] INFO  o.e.m.c.i.embedder.EclipseLogger - Using 'UTF-8' encoding to copy filtered resources.
2022-11-19 14:39:25,031 [Worker-51] INFO  o.e.m.c.i.embedder.EclipseLogger - skip non existing resourceDirectory D:\todolist_capstone-716133_Chirag-master-patch-30477\EurekaService\src\test\resources
2022-11-19 14:41:18,530 [Worker-45] INFO  o.e.m.i.launch.MavenLaunchDelegate - D:\todolist_capstone-716133_Chirag-master-patch-30477\Gateway
2022-11-19 14:41:18,530 [Worker-45] INFO  o.e.m.i.launch.MavenLaunchDelegate -  mvn -B install
2022-11-19 14:41:36,157 [Worker-24] INFO  o.e.m.c.i.embedder.EclipseLogger - Using 'UTF-8' encoding to copy filtered resources.
2022-11-19 14:41:36,158 [Worker-24] INFO  o.e.m.c.i.embedder.EclipseLogger - Copying 1 resource
2022-11-19 14:41:36,161 [Worker-24] INFO  o.e.m.c.i.embedder.EclipseLogger - Copying 0 resource
2022-11-19 14:41:36,163 [Worker-24] INFO  o.e.m.c.i.embedder.EclipseLogger - Using 'UTF-8' encoding to copy filtered resources.
2022-11-19 14:41:36,163 [Worker-24] INFO  o.e.m.c.i.embedder.EclipseLogger - skip non existing resourceDirectory D:\todolist_capstone-716133_Chirag-master-patch-30477\Gateway\src\test\resources
2022-11-19 14:42:50,598 [Worker-44] INFO  o.e.m.i.launch.MavenLaunchDelegate - D:\todolist_capstone-716133_Chirag-master-patch-30477\Register
2022-11-19 14:42:50,599 [Worker-44] INFO  o.e.m.i.launch.MavenLaunchDelegate -  mvn -B install
2022-11-19 14:42:58,238 [Worker-45] INFO  o.e.m.c.i.embedder.EclipseLogger - Using 'UTF-8' encoding to copy filtered resources.
2022-11-19 14:42:58,239 [Worker-45] INFO  o.e.m.c.i.embedder.EclipseLogger - Copying 1 resource
2022-11-19 14:42:58,247 [Worker-45] INFO  o.e.m.c.i.embedder.EclipseLogger - Copying 0 resource
2022-11-19 14:42:58,248 [Worker-45] INFO  o.e.m.c.i.embedder.EclipseLogger - Using 'UTF-8' encoding to copy filtered resources.
2022-11-19 14:42:58,248 [Worker-45] INFO  o.e.m.c.i.embedder.EclipseLogger - skip non existing resourceDirectory D:\todolist_capstone-716133_Chirag-master-patch-30477\Register\src\test\resources
2022-11-19 14:44:47,310 [Worker-50] INFO  o.e.m.i.launch.MavenLaunchDelegate - D:\todolist_capstone-716133_Chirag-master-patch-30477\Register
2022-11-19 14:44:47,310 [Worker-50] INFO  o.e.m.i.launch.MavenLaunchDelegate -  mvn -B install
2022-11-19 14:44:55,376 [Worker-44] INFO  o.e.m.c.i.embedder.EclipseLogger - Using 'UTF-8' encoding to copy filtered resources.
2022-11-19 14:44:55,377 [Worker-44] INFO  o.e.m.c.i.embedder.EclipseLogger - Copying 0 resource
2022-11-19 14:44:55,377 [Worker-44] INFO  o.e.m.c.i.embedder.EclipseLogger - Copying 0 resource
2022-11-19 14:44:55,379 [Worker-44] INFO  o.e.m.c.i.embedder.EclipseLogger - Using 'UTF-8' encoding to copy filtered resources.
2022-11-19 14:44:55,379 [Worker-44] INFO  o.e.m.c.i.embedder.EclipseLogger - skip non existing resourceDirectory D:\todolist_capstone-716133_Chirag-master-patch-30477\Register\src\test\resources
2022-11-19 14:44:56,405 [Worker-47] INFO  o.e.m.c.i.embedder.EclipseLogger - Using 'UTF-8' encoding to copy filtered resources.
2022-11-19 14:44:56,406 [Worker-47] INFO  o.e.m.c.i.embedder.EclipseLogger - Copying 1 resource
2022-11-19 14:44:56,410 [Worker-47] INFO  o.e.m.c.i.embedder.EclipseLogger - Copying 0 resource
2022-11-19 14:44:56,411 [Worker-47] INFO  o.e.m.c.i.embedder.EclipseLogger - Using 'UTF-8' encoding to copy filtered resources.
2022-11-19 14:44:56,411 [Worker-47] INFO  o.e.m.c.i.embedder.EclipseLogger - skip non existing resourceDirectory D:\todolist_capstone-716133_Chirag-master-patch-30477\Register\src\test\resources
2022-11-19 14:45:06,499 [Worker-50] INFO  o.e.m.c.i.embedder.EclipseLogger - Using 'UTF-8' encoding to copy filtered resources.
2022-11-19 14:45:06,499 [Worker-50] INFO  o.e.m.c.i.embedder.EclipseLogger - Copying 1 resource
2022-11-19 14:45:06,504 [Worker-50] INFO  o.e.m.c.i.embedder.EclipseLogger - Copying 0 resource
2022-11-19 14:45:06,505 [Worker-50] INFO  o.e.m.c.i.embedder.EclipseLogger - Using 'UTF-8' encoding to copy filtered resources.
2022-11-19 14:45:06,505 [Worker-50] INFO  o.e.m.c.i.embedder.EclipseLogger - skip non existing resourceDirectory D:\todolist_capstone-716133_Chirag-master-patch-30477\Register\src\test\resources
2022-11-19 14:46:32,419 [Worker-47] INFO  o.e.m.i.launch.MavenLaunchDelegate - D:\todolist_capstone-716133_Chirag-master-patch-30477\TaskService
2022-11-19 14:46:32,419 [Worker-47] INFO  o.e.m.i.launch.MavenLaunchDelegate -  mvn -B install
2022-11-19 14:46:54,069 [Worker-23] INFO  o.e.m.c.i.embedder.EclipseLogger - Using 'UTF-8' encoding to copy filtered resources.
2022-11-19 14:46:54,070 [Worker-23] INFO  o.e.m.c.i.embedder.EclipseLogger - Copying 1 resource
2022-11-19 14:46:54,074 [Worker-23] INFO  o.e.m.c.i.embedder.EclipseLogger - Copying 0 resource
2022-11-19 14:46:54,078 [Worker-23] INFO  o.e.m.c.i.embedder.EclipseLogger - Using 'UTF-8' encoding to copy filtered resources.
2022-11-19 14:46:54,078 [Worker-23] INFO  o.e.m.c.i.embedder.EclipseLogger - skip non existing resourceDirectory D:\todolist_capstone-716133_Chirag-master-patch-30477\TaskService\src\test\resources
2022-11-19 14:48:07,878 [Worker-27] INFO  o.e.m.i.launch.MavenLaunchDelegate - D:\todolist_capstone-716133_Chirag-master-patch-30477\UserAuthenticationService
2022-11-19 14:48:07,878 [Worker-27] INFO  o.e.m.i.launch.MavenLaunchDelegate -  mvn -B install
2022-11-19 14:48:33,153 [Worker-50] INFO  o.e.m.c.i.embedder.EclipseLogger - Using 'UTF-8' encoding to copy filtered resources.
2022-11-19 14:48:33,154 [Worker-50] INFO  o.e.m.c.i.embedder.EclipseLogger - Copying 1 resource
2022-11-19 14:48:33,158 [Worker-50] INFO  o.e.m.c.i.embedder.EclipseLogger - Copying 0 resource
2022-11-19 14:48:33,159 [Worker-50] INFO  o.e.m.c.i.embedder.EclipseLogger - Using 'UTF-8' encoding to copy filtered resources.
2022-11-19 14:48:33,159 [Worker-50] INFO  o.e.m.c.i.embedder.EclipseLogger - skip non existing resourceDirectory D:\todolist_capstone-716133_Chirag-master-patch-30477\UserAuthenticationService\src\test\resources
